  [1m[35m (1.1ms)[0m  [1m[35mCREATE DATABASE "task_manager_senior_assessment_development" ENCODING = 'unicode'[0m
  [1m[35m (0.9ms)[0m  [1m[35mCREATE DATABASE "task_manager_senior_assessment_test" ENCODING = 'unicode'[0m
  [1m[35m (0.1ms)[0m  [1m[34mSELECT pg_try_advisory_lock(6329691148016430495)[0m
  [1m[36mActiveRecord::SchemaMigration Load (0.8ms)[0m  [1m[34mSELECT "schema_migrations"."version" FROM "schema_migrations" ORDER BY "schema_migrations"."version" ASC[0m
  [1m[36mActiveRecord::InternalMetadata Load (0.7ms)[0m  [1m[34mSELECT * FROM "ar_internal_metadata" WHERE "ar_internal_metadata"."key" = $1 ORDER BY "ar_internal_metadata"."key" ASC LIMIT 1[0m  [[nil, "environment"]]
  [1m[35m (0.3ms)[0m  [1m[34mSELECT pg_advisory_unlock(6329691148016430495)[0m
  [1m[36mActiveRecord::SchemaMigration Load (0.2ms)[0m  [1m[34mSELECT "schema_migrations"."version" FROM "schema_migrations" ORDER BY "schema_migrations"."version" ASC[0m
Started GET "/tasks/new" for 127.0.0.1 at 2026-01-13 14:18:20 +0200
  [1m[36mActiveRecord::SchemaMigration Load (0.9ms)[0m  [1m[34mSELECT "schema_migrations"."version" FROM "schema_migrations" ORDER BY "schema_migrations"."version" ASC[0m
  
ActionController::RoutingError (No route matches [GET] "/tasks/new"):
  
Started GET "/" for 127.0.0.1 at 2026-01-13 14:18:26 +0200
Processing by Rails::WelcomeController#index as HTML
  Rendering /home/basil/.rvm/gems/ruby-3.3.4/gems/railties-7.1.6/lib/rails/templates/rails/welcome/index.html.erb
  Rendered /home/basil/.rvm/gems/ruby-3.3.4/gems/railties-7.1.6/lib/rails/templates/rails/welcome/index.html.erb (Duration: 1.4ms | Allocations: 261)
Completed 200 OK in 13ms (Views: 3.6ms | ActiveRecord: 0.0ms | Allocations: 2510)


Started GET "/" for 127.0.0.1 at 2026-01-13 14:34:00 +0200
  [1m[36mActiveRecord::SchemaMigration Load (1.4ms)[0m  [1m[34mSELECT "schema_migrations"."version" FROM "schema_migrations" ORDER BY "schema_migrations"."version" ASC[0m
  
ActiveRecord::PendingMigrationError (

Migrations are pending. To resolve this issue, run:

        bin/rails db:migrate

You have 1 pending migration:

db/migrate/20260113123048_create_tasks.rb


):
  
activerecord (7.1.6) lib/active_record/migration.rb:755:in `check_pending_migrations'
activerecord (7.1.6) lib/active_record/migration.rb:644:in `block (2 levels) in call'
activesupport (7.1.6) lib/active_support/file_update_checker.rb:85:in `execute'
activerecord (7.1.6) lib/active_record/migration.rb:649:in `block in call'
activerecord (7.1.6) lib/active_record/migration.rb:641:in `synchronize'
activerecord (7.1.6) lib/active_record/migration.rb:641:in `call'
actionpack (7.1.6) lib/action_dispatch/middleware/callbacks.rb:29:in `block in call'
activesupport (7.1.6) lib/active_support/callbacks.rb:101:in `run_callbacks'
actionpack (7.1.6) lib/action_dispatch/middleware/callbacks.rb:28:in `call'
actionpack (7.1.6) lib/action_dispatch/middleware/executor.rb:14:in `call'
actionpack (7.1.6) lib/action_dispatch/middleware/actionable_exceptions.rb:16:in `call'
actionpack (7.1.6) lib/action_dispatch/middleware/debug_exceptions.rb:29:in `call'
web-console (4.2.1) lib/web_console/middleware.rb:132:in `call_app'
web-console (4.2.1) lib/web_console/middleware.rb:28:in `block in call'
web-console (4.2.1) lib/web_console/middleware.rb:17:in `catch'
web-console (4.2.1) lib/web_console/middleware.rb:17:in `call'
actionpack (7.1.6) lib/action_dispatch/middleware/show_exceptions.rb:31:in `call'
railties (7.1.6) lib/rails/rack/logger.rb:37:in `call_app'
railties (7.1.6) lib/rails/rack/logger.rb:24:in `block in call'
activesupport (7.1.6) lib/active_support/tagged_logging.rb:139:in `block in tagged'
activesupport (7.1.6) lib/active_support/tagged_logging.rb:39:in `tagged'
activesupport (7.1.6) lib/active_support/tagged_logging.rb:139:in `tagged'
activesupport (7.1.6) lib/active_support/broadcast_logger.rb:241:in `method_missing'
railties (7.1.6) lib/rails/rack/logger.rb:24:in `call'
sprockets-rails (3.5.2) lib/sprockets/rails/quiet_assets.rb:17:in `call'
actionpack (7.1.6) lib/action_dispatch/middleware/remote_ip.rb:92:in `call'
actionpack (7.1.6) lib/action_dispatch/middleware/request_id.rb:28:in `call'
rack (3.2.4) lib/rack/method_override.rb:28:in `call'
rack (3.2.4) lib/rack/runtime.rb:24:in `call'
activesupport (7.1.6) lib/active_support/cache/strategy/local_cache_middleware.rb:29:in `call'
actionpack (7.1.6) lib/action_dispatch/middleware/server_timing.rb:59:in `block in call'
actionpack (7.1.6) lib/action_dispatch/middleware/server_timing.rb:24:in `collect_events'
actionpack (7.1.6) lib/action_dispatch/middleware/server_timing.rb:58:in `call'
actionpack (7.1.6) lib/action_dispatch/middleware/executor.rb:14:in `call'
actionpack (7.1.6) lib/action_dispatch/middleware/static.rb:25:in `call'
rack (3.2.4) lib/rack/sendfile.rb:131:in `call'
actionpack (7.1.6) lib/action_dispatch/middleware/host_authorization.rb:141:in `call'
railties (7.1.6) lib/rails/engine.rb:536:in `call'
puma (7.1.0) lib/puma/configuration.rb:300:in `call'
puma (7.1.0) lib/puma/request.rb:101:in `block in handle_request'
puma (7.1.0) lib/puma/thread_pool.rb:355:in `with_force_shutdown'
puma (7.1.0) lib/puma/request.rb:100:in `handle_request'
puma (7.1.0) lib/puma/server.rb:503:in `process_client'
puma (7.1.0) lib/puma/server.rb:262:in `block in run'
puma (7.1.0) lib/puma/thread_pool.rb:182:in `block in spawn_thread'
  [1m[36mActiveRecord::SchemaMigration Load (0.7ms)[0m  [1m[34mSELECT "schema_migrations"."version" FROM "schema_migrations" ORDER BY "schema_migrations"."version" ASC[0m
  [1m[35m (0.1ms)[0m  [1m[34mSELECT pg_try_advisory_lock(6329691148016430495)[0m
  [1m[36mActiveRecord::SchemaMigration Load (1.0ms)[0m  [1m[34mSELECT "schema_migrations"."version" FROM "schema_migrations" ORDER BY "schema_migrations"."version" ASC[0m
  [1m[36mActiveRecord::InternalMetadata Load (1.3ms)[0m  [1m[34mSELECT * FROM "ar_internal_metadata" WHERE "ar_internal_metadata"."key" = $1 ORDER BY "ar_internal_metadata"."key" ASC LIMIT 1[0m  [[nil, "environment"]]
Migrating to CreateTasks (20260113123048)
  [1m[36mTRANSACTION (0.3ms)[0m  [1m[35mBEGIN[0m
  [1m[35m (14.8ms)[0m  [1m[35mCREATE TABLE "tasks" ("id" bigserial primary key, "title" character varying, "description" text, "completed" boolean DEFAULT FALSE, "created_at" timestamp(6) NOT NULL, "updated_at" timestamp(6) NOT NULL)[0m
  [1m[36mTRANSACTION (0.4ms)[0m  [1m[31mROLLBACK[0m
  [1m[35m (0.7ms)[0m  [1m[34mSELECT pg_advisory_unlock(6329691148016430495)[0m
  [1m[36mActiveRecord::SchemaMigration Load (1.3ms)[0m  [1m[34mSELECT "schema_migrations"."version" FROM "schema_migrations" ORDER BY "schema_migrations"."version" ASC[0m
  [1m[35m (0.1ms)[0m  [1m[34mSELECT pg_try_advisory_lock(6329691148016430495)[0m
  [1m[36mActiveRecord::SchemaMigration Load (0.5ms)[0m  [1m[34mSELECT "schema_migrations"."version" FROM "schema_migrations" ORDER BY "schema_migrations"."version" ASC[0m
  [1m[36mActiveRecord::InternalMetadata Load (0.5ms)[0m  [1m[34mSELECT * FROM "ar_internal_metadata" WHERE "ar_internal_metadata"."key" = $1 ORDER BY "ar_internal_metadata"."key" ASC LIMIT 1[0m  [[nil, "environment"]]
Migrating to CreateTasks (20260113123048)
  [1m[36mTRANSACTION (0.1ms)[0m  [1m[35mBEGIN[0m
  [1m[35m (1.5ms)[0m  [1m[35mCREATE TABLE "tasks" ("id" bigserial primary key, "title" character varying, "description" text, "completed" boolean DEFAULT FALSE, "created_at" timestamp(6) NOT NULL, "updated_at" timestamp(6) NOT NULL)[0m
  [1m[36mTRANSACTION (0.1ms)[0m  [1m[31mROLLBACK[0m
  [1m[35m (0.1ms)[0m  [1m[34mSELECT pg_advisory_unlock(6329691148016430495)[0m
  [1m[36mActiveRecord::SchemaMigration Load (0.6ms)[0m  [1m[34mSELECT "schema_migrations"."version" FROM "schema_migrations" ORDER BY "schema_migrations"."version" ASC[0m
  [1m[35m (0.1ms)[0m  [1m[34mSELECT pg_try_advisory_lock(6329691148016430495)[0m
  [1m[36mActiveRecord::SchemaMigration Load (0.7ms)[0m  [1m[34mSELECT "schema_migrations"."version" FROM "schema_migrations" ORDER BY "schema_migrations"."version" ASC[0m
  [1m[36mActiveRecord::InternalMetadata Load (0.7ms)[0m  [1m[34mSELECT * FROM "ar_internal_metadata" WHERE "ar_internal_metadata"."key" = $1 ORDER BY "ar_internal_metadata"."key" ASC LIMIT 1[0m  [[nil, "environment"]]
Migrating to CreateTasks (20260113123048)
  [1m[35m (0.3ms)[0m  [1m[34mSELECT pg_advisory_unlock(6329691148016430495)[0m
  [1m[35m (0.1ms)[0m  [1m[34mSELECT pg_try_advisory_lock(6329691148016430495)[0m
  [1m[36mActiveRecord::SchemaMigration Load (0.7ms)[0m  [1m[34mSELECT "schema_migrations"."version" FROM "schema_migrations" ORDER BY "schema_migrations"."version" ASC[0m
  [1m[36mActiveRecord::InternalMetadata Load (0.6ms)[0m  [1m[34mSELECT * FROM "ar_internal_metadata" WHERE "ar_internal_metadata"."key" = $1 ORDER BY "ar_internal_metadata"."key" ASC LIMIT 1[0m  [[nil, "environment"]]
Migrating to CreateTasks (20260113123048)
  [1m[36mTRANSACTION (0.1ms)[0m  [1m[35mBEGIN[0m
  [1m[36mActiveRecord::SchemaMigration Create (0.2ms)[0m  [1m[32mINSERT INTO "schema_migrations" ("version") VALUES ('20260113123048') RETURNING "version"[0m
  [1m[36mTRANSACTION (7.8ms)[0m  [1m[35mCOMMIT[0m
  [1m[35m (0.4ms)[0m  [1m[34mSELECT pg_advisory_unlock(6329691148016430495)[0m
  [1m[36mActiveRecord::SchemaMigration Load (0.5ms)[0m  [1m[34mSELECT "schema_migrations"."version" FROM "schema_migrations" ORDER BY "schema_migrations"."version" ASC[0m
  [1m[36mActiveRecord::SchemaMigration Load (1.0ms)[0m  [1m[34mSELECT "schema_migrations"."version" FROM "schema_migrations" ORDER BY "schema_migrations"."version" ASC[0m
Started GET "/" for 127.0.0.1 at 2026-01-13 14:40:30 +0200
  [1m[36mActiveRecord::SchemaMigration Load (0.8ms)[0m  [1m[34mSELECT "schema_migrations"."version" FROM "schema_migrations" ORDER BY "schema_migrations"."version" ASC[0m
Processing by Rails::WelcomeController#index as HTML
  Rendering /home/basil/.rvm/gems/ruby-3.3.4/gems/railties-7.1.6/lib/rails/templates/rails/welcome/index.html.erb
  Rendered /home/basil/.rvm/gems/ruby-3.3.4/gems/railties-7.1.6/lib/rails/templates/rails/welcome/index.html.erb (Duration: 1.2ms | Allocations: 368)
Completed 200 OK in 11ms (Views: 5.3ms | ActiveRecord: 0.0ms | Allocations: 4283)


Started GET "/" for 127.0.0.1 at 2026-01-13 15:02:15 +0200
  [1m[36mActiveRecord::SchemaMigration Load (1.5ms)[0m  [1m[34mSELECT "schema_migrations"."version" FROM "schema_migrations" ORDER BY "schema_migrations"."version" ASC[0m
Processing by TasksController#index as HTML
  Rendering layout layouts/application.html.erb
  Rendering tasks/index.html.erb within layouts/application
  [1m[36mTask Load (0.9ms)[0m  [1m[34mSELECT "tasks".* FROM "tasks"[0m
  ↳ app/views/tasks/index.html.erb:6
  Rendered tasks/index.html.erb within layouts/application (Duration: 25.2ms | Allocations: 6932)
  Rendered layout layouts/application.html.erb (Duration: 31.2ms | Allocations: 9961)
Completed 500 Internal Server Error in 83ms (ActiveRecord: 8.6ms | Allocations: 22617)


  
ActionView::Template::Error (The asset "application.css" is not present in the asset pipeline.
):
     6:     <%= csrf_meta_tags %>
     7:     <%= csp_meta_tag %>
     8: 
     9:     <%= stylesheet_link_tag "application", "data-turbo-track": "reload" %>
    10:     <%= javascript_importmap_tags %>
    11:   </head>
    12: 
  
app/views/layouts/application.html.erb:9
Started GET "/" for 127.0.0.1 at 2026-01-13 15:07:52 +0200
Processing by TasksController#index as HTML
  Rendering layout layouts/application.html.erb
  Rendering tasks/index.html.erb within layouts/application
  [1m[36mTask Load (1.2ms)[0m  [1m[34mSELECT "tasks".* FROM "tasks"[0m
  ↳ app/views/tasks/index.html.erb:6
  Rendered tasks/index.html.erb within layouts/application (Duration: 6.1ms | Allocations: 2958)
  Rendered layout layouts/application.html.erb (Duration: 10.6ms | Allocations: 5381)
Completed 500 Internal Server Error in 17ms (ActiveRecord: 1.1ms | Allocations: 6929)


  
ActionView::Template::Error (The asset "application.css" is not present in the asset pipeline.
):
     6:     <%= csrf_meta_tags %>
     7:     <%= csp_meta_tag %>
     8: 
     9:     <%= stylesheet_link_tag "application", "data-turbo-track": "reload" %>
    10:     <%= javascript_importmap_tags %>
    11:   </head>
    12: 
  
app/views/layouts/application.html.erb:9
Started GET "/" for 127.0.0.1 at 2026-01-13 15:26:09 +0200
  [1m[36mActiveRecord::SchemaMigration Load (1.3ms)[0m  [1m[34mSELECT "schema_migrations"."version" FROM "schema_migrations" ORDER BY "schema_migrations"."version" ASC[0m
Processing by TasksController#index as HTML
  Rendering layout layouts/application.html.erb
  Rendering tasks/index.html.erb within layouts/application
  [1m[36mTask Load (1.3ms)[0m  [1m[34mSELECT "tasks".* FROM "tasks"[0m
  ↳ app/views/tasks/index.html.erb:6
  Rendered tasks/index.html.erb within layouts/application (Duration: 34.8ms | Allocations: 6985)
  Rendered layout layouts/application.html.erb (Duration: 40.4ms | Allocations: 9677)
Completed 200 OK in 98ms (Views: 40.8ms | ActiveRecord: 7.0ms | Allocations: 25833)


Started GET "/tasks/new" for 127.0.0.1 at 2026-01-13 15:26:19 +0200
Processing by TasksController#new as HTML
  Rendering layout layouts/application.html.erb
  Rendering tasks/new.html.erb within layouts/application
  Rendered tasks/_form.html.erb (Duration: 47.7ms | Allocations: 5563)
  Rendered tasks/new.html.erb within layouts/application (Duration: 50.8ms | Allocations: 5873)
  Rendered layout layouts/application.html.erb (Duration: 55.6ms | Allocations: 6303)
Completed 200 OK in 78ms (Views: 56.3ms | ActiveRecord: 6.4ms | Allocations: 12557)


Started GET "/tasks/new" for 127.0.0.1 at 2026-01-13 15:26:45 +0200
Processing by TasksController#new as HTML
  Rendering layout layouts/application.html.erb
  Rendering tasks/new.html.erb within layouts/application
  Rendered tasks/_form.html.erb (Duration: 4.8ms | Allocations: 1348)
  Rendered tasks/new.html.erb within layouts/application (Duration: 6.1ms | Allocations: 1630)
  Rendered layout layouts/application.html.erb (Duration: 9.6ms | Allocations: 4007)
Completed 200 OK in 27ms (Views: 12.3ms | ActiveRecord: 5.5ms | Allocations: 8319)


Started GET "/tasks/new" for 127.0.0.1 at 2026-01-13 15:26:58 +0200
Processing by TasksController#new as HTML
  Rendering layout layouts/application.html.erb
  Rendering tasks/new.html.erb within layouts/application
  Rendered tasks/_form.html.erb (Duration: 3.9ms | Allocations: 1353)
  Rendered tasks/new.html.erb within layouts/application (Duration: 5.3ms | Allocations: 1631)
  Rendered layout layouts/application.html.erb (Duration: 9.4ms | Allocations: 4021)
Completed 200 OK in 26ms (Views: 11.9ms | ActiveRecord: 4.4ms | Allocations: 8269)


Started GET "/tasks/new" for 127.0.0.1 at 2026-01-13 15:56:24 +0200
Processing by TasksController#new as HTML
  Rendering layout layouts/application.html.erb
  Rendering tasks/new.html.erb within layouts/application
  Rendered tasks/_form.html.erb (Duration: 4.1ms | Allocations: 1348)
  Rendered tasks/new.html.erb within layouts/application (Duration: 5.4ms | Allocations: 1628)
  Rendered layouts/_navbar.html.erb (Duration: 0.9ms | Allocations: 122)
  Rendered layout layouts/application.html.erb (Duration: 11.8ms | Allocations: 4300)
Completed 200 OK in 65ms (Views: 14.3ms | ActiveRecord: 11.3ms | Allocations: 11724)


Started GET "/tasks/new" for 127.0.0.1 at 2026-01-13 15:56:36 +0200
Processing by TasksController#new as HTML
  Rendering layout layouts/application.html.erb
  Rendering tasks/new.html.erb within layouts/application
  Rendered tasks/_form.html.erb (Duration: 2.3ms | Allocations: 905)
  Rendered tasks/new.html.erb within layouts/application (Duration: 2.7ms | Allocations: 984)
  Rendered layouts/_navbar.html.erb (Duration: 0.0ms | Allocations: 8)
  Rendered layout layouts/application.html.erb (Duration: 3.8ms | Allocations: 1480)
Completed 200 OK in 5ms (Views: 4.4ms | ActiveRecord: 0.0ms | Allocations: 1733)


Started GET "/.well-known/appspecific/com.chrome.devtools.json" for 127.0.0.1 at 2026-01-13 15:56:39 +0200
  
ActionController::RoutingError (No route matches [GET] "/.well-known/appspecific/com.chrome.devtools.json"):
  
Started GET "/tasks/new" for 127.0.0.1 at 2026-01-13 15:56:43 +0200
Processing by TasksController#new as HTML
  Rendering layout layouts/application.html.erb
  Rendering tasks/new.html.erb within layouts/application
  Rendered tasks/_form.html.erb (Duration: 5.3ms | Allocations: 926)
  Rendered tasks/new.html.erb within layouts/application (Duration: 6.0ms | Allocations: 1005)
  Rendered layouts/_navbar.html.erb (Duration: 0.1ms | Allocations: 8)
  Rendered layout layouts/application.html.erb (Duration: 8.4ms | Allocations: 1501)
Completed 200 OK in 11ms (Views: 9.6ms | ActiveRecord: 0.0ms | Allocations: 1761)


Started GET "/.well-known/appspecific/com.chrome.devtools.json" for 127.0.0.1 at 2026-01-13 15:56:43 +0200
  
ActionController::RoutingError (No route matches [GET] "/.well-known/appspecific/com.chrome.devtools.json"):
  
Started GET "/tasks/new" for 127.0.0.1 at 2026-01-13 15:57:25 +0200
Processing by TasksController#new as HTML
  Rendering layout layouts/application.html.erb
  Rendering tasks/new.html.erb within layouts/application
  Rendered tasks/_form.html.erb (Duration: 4.0ms | Allocations: 1366)
  Rendered tasks/new.html.erb within layouts/application (Duration: 5.9ms | Allocations: 1647)
  Rendered layouts/_navbar.html.erb (Duration: 0.7ms | Allocations: 120)
  Rendered layout layouts/application.html.erb (Duration: 10.8ms | Allocations: 4301)
Completed 200 OK in 30ms (Views: 13.2ms | ActiveRecord: 7.1ms | Allocations: 8617)


Started GET "/.well-known/appspecific/com.chrome.devtools.json" for 127.0.0.1 at 2026-01-13 15:57:25 +0200
  
ActionController::RoutingError (No route matches [GET] "/.well-known/appspecific/com.chrome.devtools.json"):
  
Started GET "/tasks/new" for 127.0.0.1 at 2026-01-13 15:58:22 +0200
Processing by TasksController#new as HTML
  Rendering layout layouts/application.html.erb
  Rendering tasks/new.html.erb within layouts/application
  Rendered tasks/_form.html.erb (Duration: 5.4ms | Allocations: 1372)
  Rendered tasks/new.html.erb within layouts/application (Duration: 7.5ms | Allocations: 1650)
  Rendered layouts/_navbar.html.erb (Duration: 1.1ms | Allocations: 121)
  Rendered layout layouts/application.html.erb (Duration: 17.2ms | Allocations: 4303)
Completed 200 OK in 40ms (Views: 21.6ms | ActiveRecord: 5.0ms | Allocations: 8593)


Started GET "/.well-known/appspecific/com.chrome.devtools.json" for 127.0.0.1 at 2026-01-13 15:58:23 +0200
  
ActionController::RoutingError (No route matches [GET] "/.well-known/appspecific/com.chrome.devtools.json"):
  
Started GET "/tasks/new" for 127.0.0.1 at 2026-01-13 15:59:56 +0200
Processing by TasksController#new as HTML
  Rendering layout layouts/application.html.erb
  Rendering tasks/new.html.erb within layouts/application
  Rendered tasks/_form.html.erb (Duration: 8.3ms | Allocations: 1363)
  Rendered tasks/new.html.erb within layouts/application (Duration: 10.3ms | Allocations: 1643)
  Rendered layouts/_navbar.html.erb (Duration: 1.3ms | Allocations: 107)
  Rendered layout layouts/application.html.erb (Duration: 19.2ms | Allocations: 4283)
Completed 200 OK in 42ms (Views: 22.6ms | ActiveRecord: 6.5ms | Allocations: 8576)


Started GET "/.well-known/appspecific/com.chrome.devtools.json" for 127.0.0.1 at 2026-01-13 15:59:56 +0200
  
ActionController::RoutingError (No route matches [GET] "/.well-known/appspecific/com.chrome.devtools.json"):
  
Started GET "/tasks/new" for 127.0.0.1 at 2026-01-13 16:00:04 +0200
Processing by TasksController#new as HTML
  Rendering layout layouts/application.html.erb
  Rendering tasks/new.html.erb within layouts/application
  Rendered tasks/_form.html.erb (Duration: 3.0ms | Allocations: 905)
  Rendered tasks/new.html.erb within layouts/application (Duration: 3.4ms | Allocations: 984)
  Rendered layouts/_navbar.html.erb (Duration: 0.0ms | Allocations: 8)
  Rendered layout layouts/application.html.erb (Duration: 4.7ms | Allocations: 1480)
Completed 200 OK in 6ms (Views: 5.4ms | ActiveRecord: 0.0ms | Allocations: 1733)


Started GET "/" for 127.0.0.1 at 2026-01-13 16:00:09 +0200
Processing by TasksController#index as HTML
  Rendering layout layouts/application.html.erb
  Rendering tasks/index.html.erb within layouts/application
  [1m[36mTask Load (1.1ms)[0m  [1m[34mSELECT "tasks".* FROM "tasks"[0m
  ↳ app/views/tasks/index.html.erb:6
  Rendered tasks/index.html.erb within layouts/application (Duration: 5.0ms | Allocations: 941)
  Rendered layouts/_navbar.html.erb (Duration: 0.1ms | Allocations: 9)
  Rendered layout layouts/application.html.erb (Duration: 6.5ms | Allocations: 1439)
Completed 200 OK in 8ms (Views: 6.2ms | ActiveRecord: 1.0ms | Allocations: 1815)


Started GET "/" for 127.0.0.1 at 2026-01-13 16:06:06 +0200
Processing by TasksController#index as HTML
  Rendering layout layouts/application.html.erb
  Rendering tasks/index.html.erb within layouts/application
  [1m[36mTask Load (1.0ms)[0m  [1m[34mSELECT "tasks".* FROM "tasks"[0m
  ↳ app/views/tasks/index.html.erb:6
  Rendered tasks/index.html.erb within layouts/application (Duration: 4.7ms | Allocations: 908)
  Rendered layouts/_navbar.html.erb (Duration: 0.9ms | Allocations: 190)
  Rendered layout layouts/application.html.erb (Duration: 10.2ms | Allocations: 3648)
Completed 200 OK in 17ms (Views: 11.8ms | ActiveRecord: 1.0ms | Allocations: 5210)


Started GET "/.well-known/appspecific/com.chrome.devtools.json" for 127.0.0.1 at 2026-01-13 16:06:06 +0200
  
ActionController::RoutingError (No route matches [GET] "/.well-known/appspecific/com.chrome.devtools.json"):
  
Started GET "/" for 127.0.0.1 at 2026-01-13 16:06:12 +0200
Processing by TasksController#index as HTML
  Rendering layout layouts/application.html.erb
  Rendering tasks/index.html.erb within layouts/application
  [1m[36mTask Load (1.3ms)[0m  [1m[34mSELECT "tasks".* FROM "tasks"[0m
  ↳ app/views/tasks/index.html.erb:6
  Rendered tasks/index.html.erb within layouts/application (Duration: 4.9ms | Allocations: 625)
  Rendered layouts/_navbar.html.erb (Duration: 0.3ms | Allocations: 47)
  Rendered layout layouts/application.html.erb (Duration: 7.5ms | Allocations: 1163)
Completed 200 OK in 9ms (Views: 7.2ms | ActiveRecord: 1.2ms | Allocations: 1409)


Started GET "/tasks" for 127.0.0.1 at 2026-01-13 16:06:17 +0200
Processing by TasksController#index as HTML
  Rendering layout layouts/application.html.erb
  Rendering tasks/index.html.erb within layouts/application
  [1m[36mTask Load (0.7ms)[0m  [1m[34mSELECT "tasks".* FROM "tasks"[0m
  ↳ app/views/tasks/index.html.erb:6
  Rendered tasks/index.html.erb within layouts/application (Duration: 2.9ms | Allocations: 601)
  Rendered layouts/_navbar.html.erb (Duration: 0.2ms | Allocations: 47)
  Rendered layout layouts/application.html.erb (Duration: 4.6ms | Allocations: 1139)
Completed 200 OK in 6ms (Views: 4.6ms | ActiveRecord: 0.7ms | Allocations: 1384)


Started GET "/tasks/new" for 127.0.0.1 at 2026-01-13 16:06:21 +0200
Processing by TasksController#new as HTML
  Rendering layout layouts/application.html.erb
  Rendering tasks/new.html.erb within layouts/application
  Rendered tasks/_form.html.erb (Duration: 3.5ms | Allocations: 1303)
  Rendered tasks/new.html.erb within layouts/application (Duration: 5.0ms | Allocations: 1570)
  Rendered layouts/_navbar.html.erb (Duration: 0.1ms | Allocations: 46)
  Rendered layout layouts/application.html.erb (Duration: 6.1ms | Allocations: 2106)
Completed 200 OK in 18ms (Views: 6.7ms | ActiveRecord: 4.2ms | Allocations: 5201)


Started GET "/" for 127.0.0.1 at 2026-01-13 16:06:24 +0200
Processing by TasksController#index as HTML
  Rendering layout layouts/application.html.erb
  Rendering tasks/index.html.erb within layouts/application
  [1m[36mTask Load (0.9ms)[0m  [1m[34mSELECT "tasks".* FROM "tasks"[0m
  ↳ app/views/tasks/index.html.erb:6
  Rendered tasks/index.html.erb within layouts/application (Duration: 4.5ms | Allocations: 629)
  Rendered layouts/_navbar.html.erb (Duration: 0.3ms | Allocations: 47)
  Rendered layout layouts/application.html.erb (Duration: 7.9ms | Allocations: 1167)
Completed 200 OK in 10ms (Views: 8.3ms | ActiveRecord: 0.8ms | Allocations: 1415)


Started GET "/tasks/new" for 127.0.0.1 at 2026-01-13 16:06:28 +0200
Processing by TasksController#new as HTML
  Rendering layout layouts/application.html.erb
  Rendering tasks/new.html.erb within layouts/application
  Rendered tasks/_form.html.erb (Duration: 6.7ms | Allocations: 923)
  Rendered tasks/new.html.erb within layouts/application (Duration: 7.5ms | Allocations: 1002)
  Rendered layouts/_navbar.html.erb (Duration: 0.5ms | Allocations: 46)
  Rendered layout layouts/application.html.erb (Duration: 12.1ms | Allocations: 1641)
Completed 200 OK in 15ms (Views: 13.4ms | ActiveRecord: 0.0ms | Allocations: 1918)


Started GET "/tasks" for 127.0.0.1 at 2026-01-13 16:06:31 +0200
Processing by TasksController#index as HTML
  Rendering layout layouts/application.html.erb
  Rendering tasks/index.html.erb within layouts/application
  [1m[36mTask Load (0.9ms)[0m  [1m[34mSELECT "tasks".* FROM "tasks"[0m
  ↳ app/views/tasks/index.html.erb:6
  Rendered tasks/index.html.erb within layouts/application (Duration: 4.7ms | Allocations: 631)
  Rendered layouts/_navbar.html.erb (Duration: 0.4ms | Allocations: 47)
  Rendered layout layouts/application.html.erb (Duration: 10.9ms | Allocations: 1272)
Completed 200 OK in 14ms (Views: 11.8ms | ActiveRecord: 0.8ms | Allocations: 1549)


Started GET "/tasks" for 127.0.0.1 at 2026-01-13 16:07:06 +0200
Processing by TasksController#index as HTML
  Rendering layout layouts/application.html.erb
  Rendering tasks/index.html.erb within layouts/application
  [1m[36mTask Load (0.9ms)[0m  [1m[34mSELECT "tasks".* FROM "tasks"[0m
  ↳ app/views/tasks/index.html.erb:6
  Rendered tasks/index.html.erb within layouts/application (Duration: 3.7ms | Allocations: 896)
  Rendered layouts/_navbar.html.erb (Duration: 0.9ms | Allocations: 185)
  Rendered layout layouts/application.html.erb (Duration: 8.6ms | Allocations: 3630)
Completed 200 OK in 14ms (Views: 9.9ms | ActiveRecord: 0.9ms | Allocations: 5191)


Started GET "/.well-known/appspecific/com.chrome.devtools.json" for 127.0.0.1 at 2026-01-13 16:07:06 +0200
  
ActionController::RoutingError (No route matches [GET] "/.well-known/appspecific/com.chrome.devtools.json"):
  
Started GET "/tasks" for 127.0.0.1 at 2026-01-13 16:07:09 +0200
Processing by TasksController#index as HTML
  Rendering layout layouts/application.html.erb
  Rendering tasks/index.html.erb within layouts/application
  [1m[36mTask Load (1.1ms)[0m  [1m[34mSELECT "tasks".* FROM "tasks"[0m
  ↳ app/views/tasks/index.html.erb:6
  Rendered tasks/index.html.erb within layouts/application (Duration: 3.9ms | Allocations: 634)
  Rendered layouts/_navbar.html.erb (Duration: 0.3ms | Allocations: 47)
  Rendered layout layouts/application.html.erb (Duration: 6.4ms | Allocations: 1172)
Completed 200 OK in 8ms (Views: 6.1ms | ActiveRecord: 1.1ms | Allocations: 1418)


Started GET "/.well-known/appspecific/com.chrome.devtools.json" for 127.0.0.1 at 2026-01-13 16:07:09 +0200
  
ActionController::RoutingError (No route matches [GET] "/.well-known/appspecific/com.chrome.devtools.json"):
  
Started GET "/tasks" for 127.0.0.1 at 2026-01-13 16:07:20 +0200
Processing by TasksController#index as HTML
  Rendering layout layouts/application.html.erb
  Rendering tasks/index.html.erb within layouts/application
  [1m[36mTask Load (1.0ms)[0m  [1m[34mSELECT "tasks".* FROM "tasks"[0m
  ↳ app/views/tasks/index.html.erb:6
  Rendered tasks/index.html.erb within layouts/application (Duration: 3.9ms | Allocations: 908)
  Rendered layouts/_navbar.html.erb (Duration: 0.8ms | Allocations: 184)
  Rendered layout layouts/application.html.erb (Duration: 9.2ms | Allocations: 3642)
Completed 200 OK in 15ms (Views: 10.4ms | ActiveRecord: 0.9ms | Allocations: 5204)


Started GET "/.well-known/appspecific/com.chrome.devtools.json" for 127.0.0.1 at 2026-01-13 16:07:20 +0200
  
ActionController::RoutingError (No route matches [GET] "/.well-known/appspecific/com.chrome.devtools.json"):
  
Started GET "/tasks/new" for 127.0.0.1 at 2026-01-13 16:18:02 +0200
Processing by TasksController#new as HTML
  Rendering layout layouts/application.html.erb
  Rendering tasks/new.html.erb within layouts/application
  Rendered tasks/_form.html.erb (Duration: 5.0ms | Allocations: 1363)
  Rendered tasks/new.html.erb within layouts/application (Duration: 6.5ms | Allocations: 1643)
  Rendered layouts/_navbar.html.erb (Duration: 0.8ms | Allocations: 180)
  Rendered layout layouts/application.html.erb (Duration: 12.2ms | Allocations: 4355)
Completed 200 OK in 55ms (Views: 14.5ms | ActiveRecord: 17.6ms | Allocations: 12073)


Started POST "/tasks" for 127.0.0.1 at 2026-01-13 16:18:35 +0200
Processing by TasksController#create as TURBO_STREAM
  Parameters: {"authenticity_token"=>"[FILTERED]", "task"=>{"title"=>"Wash dishes", "description"=>"I need to make sure I get them all washed by the end of the day", "completed"=>"0"}, "commit"=>"Create Task"}
  [1m[36mTRANSACTION (0.5ms)[0m  [1m[35mBEGIN[0m
  ↳ app/controllers/tasks_controller.rb:27:in `block in create'
  [1m[36mTask Create (3.9ms)[0m  [1m[32mINSERT INTO "tasks" ("title", "description", "completed", "created_at", "updated_at") VALUES ($1, $2, $3, $4, $5) RETURNING "id"[0m  [["title", "Wash dishes"], ["description", "I need to make sure I get them all washed by the end of the day"], ["completed", false], ["created_at", "2026-01-13 14:18:35.242177"], ["updated_at", "2026-01-13 14:18:35.242177"]]
  ↳ app/controllers/tasks_controller.rb:27:in `block in create'
  [1m[36mTRANSACTION (2.5ms)[0m  [1m[35mCOMMIT[0m
  ↳ app/controllers/tasks_controller.rb:27:in `block in create'
Redirected to http://127.0.0.1:3000/tasks/1
Completed 302 Found in 15ms (ActiveRecord: 6.8ms | Allocations: 3495)


Started GET "/tasks/1" for 127.0.0.1 at 2026-01-13 16:18:35 +0200
Processing by TasksController#show as TURBO_STREAM
  Parameters: {"id"=>"1"}
  [1m[36mTask Load (0.8ms)[0m  [1m[34mSELECT "tasks".* FROM "tasks" WHERE "tasks"."id" = $1 LIMIT $2[0m  [["id", 1], ["LIMIT", 1]]
  ↳ app/controllers/tasks_controller.rb:63:in `set_task'
  Rendering layout layouts/application.html.erb
  Rendering tasks/show.html.erb within layouts/application
  Rendered tasks/_task.html.erb (Duration: 1.6ms | Allocations: 200)
  Rendered tasks/show.html.erb within layouts/application (Duration: 9.0ms | Allocations: 1242)
  Rendered layouts/_navbar.html.erb (Duration: 0.3ms | Allocations: 46)
  Rendered layout layouts/application.html.erb (Duration: 11.9ms | Allocations: 1774)
Completed 200 OK in 24ms (Views: 13.1ms | ActiveRecord: 1.2ms | Allocations: 4908)


Started GET "/tasks" for 127.0.0.1 at 2026-01-13 16:18:46 +0200
Processing by TasksController#index as HTML
  Rendering layout layouts/application.html.erb
  Rendering tasks/index.html.erb within layouts/application
  [1m[36mTask Load (1.2ms)[0m  [1m[34mSELECT "tasks".* FROM "tasks"[0m
  ↳ app/views/tasks/index.html.erb:6
  Rendered tasks/_task.html.erb (Duration: 0.2ms | Allocations: 20)
  Rendered tasks/index.html.erb within layouts/application (Duration: 6.1ms | Allocations: 986)
  Rendered layouts/_navbar.html.erb (Duration: 0.2ms | Allocations: 46)
  Rendered layout layouts/application.html.erb (Duration: 7.8ms | Allocations: 1523)
Completed 200 OK in 9ms (Views: 7.3ms | ActiveRecord: 1.2ms | Allocations: 1861)


Started GET "/tasks/new" for 127.0.0.1 at 2026-01-13 16:18:49 +0200
Processing by TasksController#new as HTML
  Rendering layout layouts/application.html.erb
  Rendering tasks/new.html.erb within layouts/application
  Rendered tasks/_form.html.erb (Duration: 10.8ms | Allocations: 887)
  Rendered tasks/new.html.erb within layouts/application (Duration: 11.3ms | Allocations: 966)
  Rendered layouts/_navbar.html.erb (Duration: 0.1ms | Allocations: 46)
  Rendered layout layouts/application.html.erb (Duration: 12.7ms | Allocations: 1502)
Completed 200 OK in 14ms (Views: 13.3ms | ActiveRecord: 0.0ms | Allocations: 1756)


Started POST "/tasks" for 127.0.0.1 at 2026-01-13 16:19:42 +0200
Processing by TasksController#create as TURBO_STREAM
  Parameters: {"authenticity_token"=>"[FILTERED]", "task"=>{"title"=>"Clean my bedroom", "description"=>"Its been a minute since I last cleaned my bedroom. I really need to make sure it is clean before the weekend.", "completed"=>"0"}, "commit"=>"Create Task"}
  [1m[36mTRANSACTION (0.4ms)[0m  [1m[35mBEGIN[0m
  ↳ app/controllers/tasks_controller.rb:27:in `block in create'
  [1m[36mTask Create (2.7ms)[0m  [1m[32mINSERT INTO "tasks" ("title", "description", "completed", "created_at", "updated_at") VALUES ($1, $2, $3, $4, $5) RETURNING "id"[0m  [["title", "Clean my bedroom"], ["description", "Its been a minute since I last cleaned my bedroom. I really need to make sure it is clean before the weekend."], ["completed", false], ["created_at", "2026-01-13 14:19:42.222128"], ["updated_at", "2026-01-13 14:19:42.222128"]]
  ↳ app/controllers/tasks_controller.rb:27:in `block in create'
  [1m[36mTRANSACTION (2.5ms)[0m  [1m[35mCOMMIT[0m
  ↳ app/controllers/tasks_controller.rb:27:in `block in create'
Redirected to http://127.0.0.1:3000/tasks/2
Completed 302 Found in 13ms (ActiveRecord: 5.4ms | Allocations: 1906)


Started GET "/tasks/2" for 127.0.0.1 at 2026-01-13 16:19:42 +0200
Processing by TasksController#show as TURBO_STREAM
  Parameters: {"id"=>"2"}
  [1m[36mTask Load (0.6ms)[0m  [1m[34mSELECT "tasks".* FROM "tasks" WHERE "tasks"."id" = $1 LIMIT $2[0m  [["id", 2], ["LIMIT", 1]]
  ↳ app/controllers/tasks_controller.rb:63:in `set_task'
  Rendering layout layouts/application.html.erb
  Rendering tasks/show.html.erb within layouts/application
  Rendered tasks/_task.html.erb (Duration: 0.2ms | Allocations: 21)
  Rendered tasks/show.html.erb within layouts/application (Duration: 2.7ms | Allocations: 473)
  Rendered layouts/_navbar.html.erb (Duration: 0.3ms | Allocations: 46)
  Rendered layout layouts/application.html.erb (Duration: 5.1ms | Allocations: 1005)
Completed 200 OK in 10ms (Views: 6.1ms | ActiveRecord: 0.6ms | Allocations: 1649)


Started GET "/tasks" for 127.0.0.1 at 2026-01-13 16:19:45 +0200
Processing by TasksController#index as HTML
  Rendering layout layouts/application.html.erb
  Rendering tasks/index.html.erb within layouts/application
  [1m[36mTask Load (0.7ms)[0m  [1m[34mSELECT "tasks".* FROM "tasks"[0m
  ↳ app/views/tasks/index.html.erb:6
  Rendered tasks/_task.html.erb (Duration: 0.1ms | Allocations: 20)
  Rendered tasks/_task.html.erb (Duration: 0.1ms | Allocations: 20)
  Rendered tasks/index.html.erb within layouts/application (Duration: 3.4ms | Allocations: 871)
  Rendered layouts/_navbar.html.erb (Duration: 0.1ms | Allocations: 46)
  Rendered layout layouts/application.html.erb (Duration: 4.6ms | Allocations: 1408)
Completed 200 OK in 6ms (Views: 4.5ms | ActiveRecord: 0.7ms | Allocations: 1654)


Started GET "/tasks/new" for 127.0.0.1 at 2026-01-13 16:19:49 +0200
Processing by TasksController#new as HTML
  Rendering layout layouts/application.html.erb
  Rendering tasks/new.html.erb within layouts/application
  Rendered tasks/_form.html.erb (Duration: 2.9ms | Allocations: 911)
  Rendered tasks/new.html.erb within layouts/application (Duration: 3.3ms | Allocations: 990)
  Rendered layouts/_navbar.html.erb (Duration: 0.1ms | Allocations: 46)
  Rendered layout layouts/application.html.erb (Duration: 4.5ms | Allocations: 1526)
Completed 200 OK in 6ms (Views: 5.1ms | ActiveRecord: 0.0ms | Allocations: 1779)


Started POST "/tasks" for 127.0.0.1 at 2026-01-13 16:22:59 +0200
Processing by TasksController#create as TURBO_STREAM
  Parameters: {"authenticity_token"=>"[FILTERED]", "task"=>{"title"=>"Watch a movie", "description"=>"I need to binge watch this new series I heard about. Its called His $ Hers. Everyone I know has watched it, they have been saying all sorts of things about this series, I really need to get my hands on it.\nIf I can't download it from my favourite sources, I have to try and stream it online between the hours of 00:00 and 03:00 AM. I hear the internet is normally faster around that time and there is no noise around so I can get to hear everything and enjoy it.", "completed"=>"0"}, "commit"=>"Create Task"}
  [1m[36mTRANSACTION (0.3ms)[0m  [1m[35mBEGIN[0m
  ↳ app/controllers/tasks_controller.rb:27:in `block in create'
  [1m[36mTask Create (3.5ms)[0m  [1m[32mINSERT INTO "tasks" ("title", "description", "completed", "created_at", "updated_at") VALUES ($1, $2, $3, $4, $5) RETURNING "id"[0m  [["title", "Watch a movie"], ["description", "I need to binge watch this new series I heard about. Its called His $ Hers. Everyone I know has watched it, they have been saying all sorts of things about this series, I really need to get my hands on it.\nIf I can't download it from my favourite sources, I have to try and stream it online between the hours of 00:00 and 03:00 AM. I hear the internet is normally faster around that time and there is no noise around so I can get to hear everything and enjoy it."], ["completed", false], ["created_at", "2026-01-13 14:22:59.184743"], ["updated_at", "2026-01-13 14:22:59.184743"]]
  ↳ app/controllers/tasks_controller.rb:27:in `block in create'
  [1m[36mTRANSACTION (3.8ms)[0m  [1m[35mCOMMIT[0m
  ↳ app/controllers/tasks_controller.rb:27:in `block in create'
Redirected to http://127.0.0.1:3000/tasks/3
Completed 302 Found in 16ms (ActiveRecord: 7.5ms | Allocations: 1922)


Started GET "/tasks/3" for 127.0.0.1 at 2026-01-13 16:22:59 +0200
Processing by TasksController#show as TURBO_STREAM
  Parameters: {"id"=>"3"}
  [1m[36mTask Load (0.7ms)[0m  [1m[34mSELECT "tasks".* FROM "tasks" WHERE "tasks"."id" = $1 LIMIT $2[0m  [["id", 3], ["LIMIT", 1]]
  ↳ app/controllers/tasks_controller.rb:63:in `set_task'
  Rendering layout layouts/application.html.erb
  Rendering tasks/show.html.erb within layouts/application
  Rendered tasks/_task.html.erb (Duration: 0.2ms | Allocations: 21)
  Rendered tasks/show.html.erb within layouts/application (Duration: 2.5ms | Allocations: 481)
  Rendered layouts/_navbar.html.erb (Duration: 0.3ms | Allocations: 46)
  Rendered layout layouts/application.html.erb (Duration: 4.9ms | Allocations: 1013)
Completed 200 OK in 10ms (Views: 5.8ms | ActiveRecord: 0.6ms | Allocations: 1656)


Started GET "/tasks" for 127.0.0.1 at 2026-01-13 16:23:04 +0200
Processing by TasksController#index as HTML
  Rendering layout layouts/application.html.erb
  Rendering tasks/index.html.erb within layouts/application
  [1m[36mTask Load (1.0ms)[0m  [1m[34mSELECT "tasks".* FROM "tasks"[0m
  ↳ app/views/tasks/index.html.erb:6
  Rendered tasks/_task.html.erb (Duration: 0.1ms | Allocations: 20)
  Rendered tasks/_task.html.erb (Duration: 0.1ms | Allocations: 20)
  Rendered tasks/_task.html.erb (Duration: 0.1ms | Allocations: 20)
  Rendered tasks/index.html.erb within layouts/application (Duration: 6.5ms | Allocations: 1023)
  Rendered layouts/_navbar.html.erb (Duration: 0.1ms | Allocations: 46)
  Rendered layout layouts/application.html.erb (Duration: 7.9ms | Allocations: 1560)
Completed 200 OK in 10ms (Views: 7.8ms | ActiveRecord: 0.9ms | Allocations: 1807)


Started GET "/tasks/1" for 127.0.0.1 at 2026-01-13 16:28:45 +0200
Processing by TasksController#show as HTML
  Parameters: {"id"=>"1"}
  [1m[36mTask Load (0.8ms)[0m  [1m[34mSELECT "tasks".* FROM "tasks" WHERE "tasks"."id" = $1 LIMIT $2[0m  [["id", 1], ["LIMIT", 1]]
  ↳ app/controllers/tasks_controller.rb:63:in `set_task'
  Rendering layout layouts/application.html.erb
  Rendering tasks/show.html.erb within layouts/application
  Rendered tasks/_task.html.erb (Duration: 0.1ms | Allocations: 20)
  Rendered tasks/show.html.erb within layouts/application (Duration: 1.8ms | Allocations: 448)
  Rendered layouts/_navbar.html.erb (Duration: 0.1ms | Allocations: 46)
  Rendered layout layouts/application.html.erb (Duration: 3.0ms | Allocations: 980)
Completed 200 OK in 30ms (Views: 4.0ms | ActiveRecord: 11.9ms | Allocations: 5044)


Started GET "/tasks/1" for 127.0.0.1 at 2026-01-13 16:42:45 +0200
  
SyntaxError (/home/basil/Glucode/assessment/task_manager-senior-assessment/app/controllers/tasks_controller.rb:79: syntax error, unexpected end-of-input, expecting `end' or dummy end):
  
app/controllers/tasks_controller.rb:79: syntax error, unexpected end-of-input, expecting `end' or dummy end
Started GET "/.well-known/appspecific/com.chrome.devtools.json" for 127.0.0.1 at 2026-01-13 16:42:46 +0200
  
ActionController::RoutingError (No route matches [GET] "/.well-known/appspecific/com.chrome.devtools.json"):
  
Started GET "/tasks/1" for 127.0.0.1 at 2026-01-13 16:44:09 +0200
  
SyntaxError (/home/basil/Glucode/assessment/task_manager-senior-assessment/app/controllers/tasks_controller.rb:79: syntax error, unexpected end-of-input, expecting `end' or dummy end):
  
app/controllers/tasks_controller.rb:79: syntax error, unexpected end-of-input, expecting `end' or dummy end
Started GET "/.well-known/appspecific/com.chrome.devtools.json" for 127.0.0.1 at 2026-01-13 16:44:09 +0200
  
ActionController::RoutingError (No route matches [GET] "/.well-known/appspecific/com.chrome.devtools.json"):
  
Started GET "/tasks/1" for 127.0.0.1 at 2026-01-13 16:45:10 +0200
Processing by TasksController#show as HTML
  Parameters: {"id"=>"1"}
  [1m[36mTask Load (0.4ms)[0m  [1m[34mSELECT "tasks".* FROM "tasks" WHERE "tasks"."id" = $1 LIMIT $2[0m  [["id", 1], ["LIMIT", 1]]
  ↳ app/controllers/tasks_controller.rb:74:in `set_task'
  Rendering layout layouts/application.html.erb
  Rendering tasks/show.html.erb within layouts/application
  Rendered tasks/_task.html.erb (Duration: 1.2ms | Allocations: 273)
  Rendered tasks/show.html.erb within layouts/application (Duration: 4.2ms | Allocations: 1035)
  Rendered layouts/_navbar.html.erb (Duration: 0.9ms | Allocations: 182)
  Rendered layout layouts/application.html.erb (Duration: 9.0ms | Allocations: 3757)
Completed 200 OK in 42ms (Views: 11.7ms | ActiveRecord: 9.9ms | Allocations: 12343)


Started GET "/.well-known/appspecific/com.chrome.devtools.json" for 127.0.0.1 at 2026-01-13 16:45:10 +0200
  
ActionController::RoutingError (No route matches [GET] "/.well-known/appspecific/com.chrome.devtools.json"):
  
Started GET "/" for 127.0.0.1 at 2026-01-13 16:45:19 +0200
Processing by TasksController#index as HTML
  Rendering layout layouts/application.html.erb
  Rendering tasks/index.html.erb within layouts/application
  [1m[36mTask Load (1.1ms)[0m  [1m[34mSELECT "tasks".* FROM "tasks"[0m
  ↳ app/views/tasks/index.html.erb:6
  Rendered tasks/_task.html.erb (Duration: 0.3ms | Allocations: 52)
  Rendered tasks/_task.html.erb (Duration: 0.1ms | Allocations: 38)
  Rendered tasks/_task.html.erb (Duration: 0.1ms | Allocations: 38)
  Rendered tasks/index.html.erb within layouts/application (Duration: 5.3ms | Allocations: 1284)
  Rendered layouts/_navbar.html.erb (Duration: 0.1ms | Allocations: 46)
  Rendered layout layouts/application.html.erb (Duration: 6.5ms | Allocations: 1821)
Completed 200 OK in 9ms (Views: 6.2ms | ActiveRecord: 1.0ms | Allocations: 2159)


Started GET "/tasks/1" for 127.0.0.1 at 2026-01-13 16:45:54 +0200
Processing by TasksController#show as HTML
  Parameters: {"id"=>"1"}
  [1m[36mTask Load (0.8ms)[0m  [1m[34mSELECT "tasks".* FROM "tasks" WHERE "tasks"."id" = $1 LIMIT $2[0m  [["id", 1], ["LIMIT", 1]]
  ↳ app/controllers/tasks_controller.rb:74:in `set_task'
  Rendering layout layouts/application.html.erb
  Rendering tasks/show.html.erb within layouts/application
  Rendered tasks/_task.html.erb (Duration: 1.1ms | Allocations: 52)
  Rendered tasks/show.html.erb within layouts/application (Duration: 6.0ms | Allocations: 463)
  Rendered layouts/_navbar.html.erb (Duration: 0.4ms | Allocations: 46)
  Rendered layout layouts/application.html.erb (Duration: 12.2ms | Allocations: 1098)
Completed 200 OK in 19ms (Views: 13.7ms | ActiveRecord: 0.8ms | Allocations: 1757)


Started GET "/" for 127.0.0.1 at 2026-01-13 16:50:01 +0200
Processing by TasksController#index as HTML
  Rendering layout layouts/application.html.erb
  Rendering tasks/index.html.erb within layouts/application
  [1m[36mTask Load (1.0ms)[0m  [1m[34mSELECT "tasks".* FROM "tasks"[0m
  ↳ app/views/tasks/index.html.erb:6
  Rendered tasks/_task.html.erb (Duration: 0.5ms | Allocations: 52)
  Rendered tasks/_task.html.erb (Duration: 0.3ms | Allocations: 38)
  Rendered tasks/_task.html.erb (Duration: 0.3ms | Allocations: 38)
  Rendered tasks/index.html.erb within layouts/application (Duration: 7.2ms | Allocations: 1059)
  Rendered layouts/_navbar.html.erb (Duration: 0.6ms | Allocations: 46)
  Rendered layout layouts/application.html.erb (Duration: 13.7ms | Allocations: 1596)
Completed 200 OK in 15ms (Views: 13.6ms | ActiveRecord: 1.0ms | Allocations: 1844)


Started GET "/" for 127.0.0.1 at 2026-01-13 16:54:25 +0200
Processing by TasksController#index as HTML
  Rendering layout layouts/application.html.erb
  Rendering tasks/index.html.erb within layouts/application
  [1m[36mTask Load (0.9ms)[0m  [1m[34mSELECT "tasks".* FROM "tasks"[0m
  ↳ app/views/tasks/index.html.erb:6
  Rendered tasks/_task.html.erb (Duration: 1.4ms | Allocations: 266)
  Rendered tasks/_task.html.erb (Duration: 0.1ms | Allocations: 38)
  Rendered tasks/_task.html.erb (Duration: 0.1ms | Allocations: 38)
  Rendered tasks/index.html.erb within layouts/application (Duration: 19.0ms | Allocations: 4489)
  Rendered layouts/_navbar.html.erb (Duration: 0.9ms | Allocations: 179)
  Rendered layout layouts/application.html.erb (Duration: 23.9ms | Allocations: 7219)
Completed 200 OK in 31ms (Views: 18.2ms | ActiveRecord: 8.0ms | Allocations: 8781)


Started GET "/.well-known/appspecific/com.chrome.devtools.json" for 127.0.0.1 at 2026-01-13 16:54:25 +0200
  
ActionController::RoutingError (No route matches [GET] "/.well-known/appspecific/com.chrome.devtools.json"):
  
Started GET "/" for 127.0.0.1 at 2026-01-13 16:54:57 +0200
Processing by TasksController#index as HTML
  Rendering layout layouts/application.html.erb
  Rendering tasks/index.html.erb within layouts/application
  [1m[36mTask Load (0.9ms)[0m  [1m[34mSELECT "tasks".* FROM "tasks"[0m
  ↳ app/views/tasks/index.html.erb:6
  Rendered tasks/_task.html.erb (Duration: 1.9ms | Allocations: 265)
  Rendered tasks/_task.html.erb (Duration: 0.4ms | Allocations: 38)
  Rendered tasks/_task.html.erb (Duration: 0.1ms | Allocations: 38)
  Rendered tasks/index.html.erb within layouts/application (Duration: 24.2ms | Allocations: 4478)
  Rendered layouts/_navbar.html.erb (Duration: 1.0ms | Allocations: 179)
  Rendered layout layouts/application.html.erb (Duration: 30.8ms | Allocations: 7208)
Completed 200 OK in 38ms (Views: 27.0ms | ActiveRecord: 6.3ms | Allocations: 8770)


Started GET "/.well-known/appspecific/com.chrome.devtools.json" for 127.0.0.1 at 2026-01-13 16:54:57 +0200
  
ActionController::RoutingError (No route matches [GET] "/.well-known/appspecific/com.chrome.devtools.json"):
  
Started GET "/" for 127.0.0.1 at 2026-01-13 16:55:26 +0200
Processing by TasksController#index as HTML
  Rendering layout layouts/application.html.erb
  Rendering tasks/index.html.erb within layouts/application
  [1m[36mTask Load (1.0ms)[0m  [1m[34mSELECT "tasks".* FROM "tasks"[0m
  ↳ app/views/tasks/index.html.erb:6
  Rendered tasks/_task.html.erb (Duration: 2.8ms | Allocations: 264)
  Rendered tasks/_task.html.erb (Duration: 0.2ms | Allocations: 38)
  Rendered tasks/_task.html.erb (Duration: 0.1ms | Allocations: 38)
  Rendered tasks/index.html.erb within layouts/application (Duration: 19.5ms | Allocations: 4462)
  Rendered layouts/_navbar.html.erb (Duration: 0.8ms | Allocations: 179)
  Rendered layout layouts/application.html.erb (Duration: 23.9ms | Allocations: 7192)
Completed 200 OK in 37ms (Views: 27.9ms | ActiveRecord: 5.7ms | Allocations: 8751)


Started GET "/.well-known/appspecific/com.chrome.devtools.json" for 127.0.0.1 at 2026-01-13 16:55:26 +0200
  
ActionController::RoutingError (No route matches [GET] "/.well-known/appspecific/com.chrome.devtools.json"):
  
Started GET "/" for 127.0.0.1 at 2026-01-13 16:55:33 +0200
Processing by TasksController#index as HTML
  Rendering layout layouts/application.html.erb
  Rendering tasks/index.html.erb within layouts/application
  [1m[36mTask Load (1.0ms)[0m  [1m[34mSELECT "tasks".* FROM "tasks"[0m
  ↳ app/views/tasks/index.html.erb:6
  Rendered tasks/_task.html.erb (Duration: 1.4ms | Allocations: 264)
  Rendered tasks/_task.html.erb (Duration: 0.1ms | Allocations: 38)
  Rendered tasks/_task.html.erb (Duration: 0.1ms | Allocations: 38)
  Rendered tasks/index.html.erb within layouts/application (Duration: 19.6ms | Allocations: 4478)
  Rendered layouts/_navbar.html.erb (Duration: 1.4ms | Allocations: 179)
  Rendered layout layouts/application.html.erb (Duration: 27.2ms | Allocations: 7207)
Completed 200 OK in 33ms (Views: 23.3ms | ActiveRecord: 6.0ms | Allocations: 8766)


Started GET "/.well-known/appspecific/com.chrome.devtools.json" for 127.0.0.1 at 2026-01-13 16:55:33 +0200
  
ActionController::RoutingError (No route matches [GET] "/.well-known/appspecific/com.chrome.devtools.json"):
  
Started GET "/" for 127.0.0.1 at 2026-01-13 16:55:48 +0200
Processing by TasksController#index as HTML
  Rendering layout layouts/application.html.erb
  Rendering tasks/index.html.erb within layouts/application
  [1m[36mTask Load (0.8ms)[0m  [1m[34mSELECT "tasks".* FROM "tasks"[0m
  ↳ app/views/tasks/index.html.erb:6
  Rendered tasks/_task.html.erb (Duration: 1.5ms | Allocations: 264)
  Rendered tasks/_task.html.erb (Duration: 0.2ms | Allocations: 38)
  Rendered tasks/_task.html.erb (Duration: 0.1ms | Allocations: 38)
  Rendered tasks/index.html.erb within layouts/application (Duration: 16.2ms | Allocations: 4478)
  Rendered layouts/_navbar.html.erb (Duration: 0.9ms | Allocations: 179)
  Rendered layout layouts/application.html.erb (Duration: 21.1ms | Allocations: 7207)
Completed 200 OK in 30ms (Views: 19.5ms | ActiveRecord: 5.1ms | Allocations: 8766)


Started GET "/.well-known/appspecific/com.chrome.devtools.json" for 127.0.0.1 at 2026-01-13 16:55:48 +0200
  
ActionController::RoutingError (No route matches [GET] "/.well-known/appspecific/com.chrome.devtools.json"):
  
Started GET "/" for 127.0.0.1 at 2026-01-13 16:56:50 +0200
Processing by TasksController#index as HTML
  Rendering layout layouts/application.html.erb
  Rendering tasks/index.html.erb within layouts/application
  [1m[36mTask Load (1.0ms)[0m  [1m[34mSELECT "tasks".* FROM "tasks"[0m
  ↳ app/views/tasks/index.html.erb:6
  Rendered tasks/_task.html.erb (Duration: 1.3ms | Allocations: 264)
  Rendered tasks/_task.html.erb (Duration: 0.1ms | Allocations: 38)
  Rendered tasks/_task.html.erb (Duration: 0.1ms | Allocations: 38)
  Rendered tasks/index.html.erb within layouts/application (Duration: 16.8ms | Allocations: 4454)
  Rendered layouts/_navbar.html.erb (Duration: 1.0ms | Allocations: 179)
  Rendered layout layouts/application.html.erb (Duration: 21.7ms | Allocations: 7183)
Completed 200 OK in 29ms (Views: 18.8ms | ActiveRecord: 5.5ms | Allocations: 8740)


Started GET "/.well-known/appspecific/com.chrome.devtools.json" for 127.0.0.1 at 2026-01-13 16:56:50 +0200
  
ActionController::RoutingError (No route matches [GET] "/.well-known/appspecific/com.chrome.devtools.json"):
  
Started GET "/" for 127.0.0.1 at 2026-01-13 16:56:56 +0200
Processing by TasksController#index as HTML
  Rendering layout layouts/application.html.erb
  Rendering tasks/index.html.erb within layouts/application
  [1m[36mTask Load (0.8ms)[0m  [1m[34mSELECT "tasks".* FROM "tasks"[0m
  ↳ app/views/tasks/index.html.erb:6
  Rendered tasks/_task.html.erb (Duration: 0.3ms | Allocations: 52)
  Rendered tasks/_task.html.erb (Duration: 0.1ms | Allocations: 38)
  Rendered tasks/_task.html.erb (Duration: 0.1ms | Allocations: 38)
  Rendered tasks/index.html.erb within layouts/application (Duration: 4.0ms | Allocations: 1063)
  Rendered layouts/_navbar.html.erb (Duration: 0.1ms | Allocations: 46)
  Rendered layout layouts/application.html.erb (Duration: 5.2ms | Allocations: 1600)
Completed 200 OK in 6ms (Views: 5.1ms | ActiveRecord: 0.8ms | Allocations: 1846)


Started GET "/.well-known/appspecific/com.chrome.devtools.json" for 127.0.0.1 at 2026-01-13 16:56:56 +0200
  
ActionController::RoutingError (No route matches [GET] "/.well-known/appspecific/com.chrome.devtools.json"):
  
Started GET "/" for 127.0.0.1 at 2026-01-13 16:57:16 +0200
Processing by TasksController#index as HTML
  Rendering layout layouts/application.html.erb
  Rendering tasks/index.html.erb within layouts/application
  [1m[36mTask Load (0.7ms)[0m  [1m[34mSELECT "tasks".* FROM "tasks"[0m
  ↳ app/views/tasks/index.html.erb:6
  Rendered tasks/_task.html.erb (Duration: 1.9ms | Allocations: 264)
  Rendered tasks/_task.html.erb (Duration: 0.1ms | Allocations: 38)
  Rendered tasks/_task.html.erb (Duration: 0.1ms | Allocations: 38)
  Rendered tasks/index.html.erb within layouts/application (Duration: 17.2ms | Allocations: 4469)
  Rendered layouts/_navbar.html.erb (Duration: 0.6ms | Allocations: 179)
  Rendered layout layouts/application.html.erb (Duration: 21.8ms | Allocations: 7198)
Completed 200 OK in 29ms (Views: 21.0ms | ActiveRecord: 4.0ms | Allocations: 8755)


Started GET "/.well-known/appspecific/com.chrome.devtools.json" for 127.0.0.1 at 2026-01-13 16:57:16 +0200
  
ActionController::RoutingError (No route matches [GET] "/.well-known/appspecific/com.chrome.devtools.json"):
  
Started GET "/" for 127.0.0.1 at 2026-01-13 16:57:37 +0200
Processing by TasksController#index as HTML
  Rendering layout layouts/application.html.erb
  Rendering tasks/index.html.erb within layouts/application
  [1m[36mTask Load (1.3ms)[0m  [1m[34mSELECT "tasks".* FROM "tasks"[0m
  ↳ app/views/tasks/index.html.erb:6
  Rendered tasks/_task.html.erb (Duration: 0.3ms | Allocations: 52)
  Rendered tasks/_task.html.erb (Duration: 0.1ms | Allocations: 38)
  Rendered tasks/_task.html.erb (Duration: 0.1ms | Allocations: 38)
  Rendered tasks/index.html.erb within layouts/application (Duration: 4.9ms | Allocations: 1054)
  Rendered layouts/_navbar.html.erb (Duration: 0.2ms | Allocations: 46)
  Rendered layout layouts/application.html.erb (Duration: 6.5ms | Allocations: 1591)
Completed 200 OK in 8ms (Views: 5.9ms | ActiveRecord: 1.2ms | Allocations: 1839)


Started GET "/tasks" for 127.0.0.1 at 2026-01-13 16:57:41 +0200
Processing by TasksController#index as HTML
  Rendering layout layouts/application.html.erb
  Rendering tasks/index.html.erb within layouts/application
  [1m[36mTask Load (1.7ms)[0m  [1m[34mSELECT "tasks".* FROM "tasks"[0m
  ↳ app/views/tasks/index.html.erb:6
  Rendered tasks/_task.html.erb (Duration: 0.6ms | Allocations: 52)
  Rendered tasks/_task.html.erb (Duration: 0.3ms | Allocations: 38)
  Rendered tasks/_task.html.erb (Duration: 0.2ms | Allocations: 38)
  Rendered tasks/index.html.erb within layouts/application (Duration: 9.1ms | Allocations: 1068)
  Rendered layouts/_navbar.html.erb (Duration: 0.3ms | Allocations: 46)
  Rendered layout layouts/application.html.erb (Duration: 12.0ms | Allocations: 1605)
Completed 200 OK in 13ms (Views: 11.1ms | ActiveRecord: 1.6ms | Allocations: 1851)


Started GET "/tasks/1" for 127.0.0.1 at 2026-01-13 16:57:45 +0200
Processing by TasksController#show as HTML
  Parameters: {"id"=>"1"}
  [1m[36mTask Load (0.8ms)[0m  [1m[34mSELECT "tasks".* FROM "tasks" WHERE "tasks"."id" = $1 LIMIT $2[0m  [["id", 1], ["LIMIT", 1]]
  ↳ app/controllers/tasks_controller.rb:74:in `set_task'
  Rendering layout layouts/application.html.erb
  Rendering tasks/show.html.erb within layouts/application
  Rendered tasks/_task.html.erb (Duration: 0.4ms | Allocations: 52)
  Rendered tasks/show.html.erb within layouts/application (Duration: 3.7ms | Allocations: 656)
  Rendered layouts/_navbar.html.erb (Duration: 0.2ms | Allocations: 46)
  Rendered layout layouts/application.html.erb (Duration: 5.7ms | Allocations: 1188)
Completed 200 OK in 13ms (Views: 6.4ms | ActiveRecord: 0.7ms | Allocations: 2527)


Started GET "/tasks/1/edit" for 127.0.0.1 at 2026-01-13 16:57:52 +0200
Processing by TasksController#edit as HTML
  Parameters: {"id"=>"1"}
  [1m[36mTask Load (0.5ms)[0m  [1m[34mSELECT "tasks".* FROM "tasks" WHERE "tasks"."id" = $1 LIMIT $2[0m  [["id", 1], ["LIMIT", 1]]
  ↳ app/controllers/tasks_controller.rb:74:in `set_task'
  Rendering layout layouts/application.html.erb
  Rendering tasks/edit.html.erb within layouts/application
  Rendered tasks/_form.html.erb (Duration: 6.1ms | Allocations: 1350)
  Rendered tasks/edit.html.erb within layouts/application (Duration: 7.7ms | Allocations: 1658)
  Rendered layouts/_navbar.html.erb (Duration: 0.1ms | Allocations: 46)
  Rendered layout layouts/application.html.erb (Duration: 8.8ms | Allocations: 2190)
Completed 200 OK in 13ms (Views: 9.3ms | ActiveRecord: 0.5ms | Allocations: 2894)


Started GET "/" for 127.0.0.1 at 2026-01-13 16:59:28 +0200
Processing by TasksController#index as HTML
  Rendering layout layouts/application.html.erb
  Rendering tasks/index.html.erb within layouts/application
  [1m[36mTask Load (1.4ms)[0m  [1m[34mSELECT "tasks".* FROM "tasks"[0m
  ↳ app/views/tasks/index.html.erb:6
  Rendered tasks/_task.html.erb (Duration: 0.7ms | Allocations: 52)
  Rendered tasks/_task.html.erb (Duration: 0.2ms | Allocations: 38)
  Rendered tasks/_task.html.erb (Duration: 0.2ms | Allocations: 38)
  Rendered tasks/index.html.erb within layouts/application (Duration: 7.8ms | Allocations: 1062)
  Rendered layouts/_navbar.html.erb (Duration: 0.2ms | Allocations: 46)
  Rendered layout layouts/application.html.erb (Duration: 9.6ms | Allocations: 1599)
Completed 200 OK in 11ms (Views: 9.2ms | ActiveRecord: 1.3ms | Allocations: 1845)


Started GET "/" for 127.0.0.1 at 2026-01-13 17:00:48 +0200
Processing by TasksController#index as HTML
  Rendering layout layouts/application.html.erb
  Rendering tasks/index.html.erb within layouts/application
  [1m[36mTask Load (1.0ms)[0m  [1m[34mSELECT "tasks".* FROM "tasks"[0m
  ↳ app/views/tasks/index.html.erb:6
  Rendered tasks/_task.html.erb (Duration: 1.8ms | Allocations: 263)
  Rendered tasks/_task.html.erb (Duration: 0.1ms | Allocations: 38)
  Rendered tasks/_task.html.erb (Duration: 0.1ms | Allocations: 38)
  Rendered tasks/index.html.erb within layouts/application (Duration: 20.6ms | Allocations: 4474)
  Rendered layouts/_navbar.html.erb (Duration: 1.1ms | Allocations: 179)
  Rendered layout layouts/application.html.erb (Duration: 26.2ms | Allocations: 7203)
Completed 200 OK in 34ms (Views: 23.2ms | ActiveRecord: 5.6ms | Allocations: 8764)


Started GET "/.well-known/appspecific/com.chrome.devtools.json" for 127.0.0.1 at 2026-01-13 17:00:48 +0200
  
ActionController::RoutingError (No route matches [GET] "/.well-known/appspecific/com.chrome.devtools.json"):
  
Started GET "/" for 127.0.0.1 at 2026-01-13 17:00:52 +0200
Processing by TasksController#index as HTML
  Rendering layout layouts/application.html.erb
  Rendering tasks/index.html.erb within layouts/application
  [1m[36mTask Load (1.1ms)[0m  [1m[34mSELECT "tasks".* FROM "tasks"[0m
  ↳ app/views/tasks/index.html.erb:6
  Rendered tasks/_task.html.erb (Duration: 0.3ms | Allocations: 52)
  Rendered tasks/_task.html.erb (Duration: 0.1ms | Allocations: 38)
  Rendered tasks/_task.html.erb (Duration: 0.4ms | Allocations: 38)
  Rendered tasks/index.html.erb within layouts/application (Duration: 7.0ms | Allocations: 1063)
  Rendered layouts/_navbar.html.erb (Duration: 0.3ms | Allocations: 46)
  Rendered layout layouts/application.html.erb (Duration: 10.1ms | Allocations: 1600)
Completed 200 OK in 12ms (Views: 10.3ms | ActiveRecord: 1.0ms | Allocations: 1848)


Started GET "/.well-known/appspecific/com.chrome.devtools.json" for 127.0.0.1 at 2026-01-13 17:00:52 +0200
  
ActionController::RoutingError (No route matches [GET] "/.well-known/appspecific/com.chrome.devtools.json"):
  
Started GET "/" for 127.0.0.1 at 2026-01-13 17:01:17 +0200
Processing by TasksController#index as HTML
  Rendering layout layouts/application.html.erb
  Rendering tasks/index.html.erb within layouts/application
  [1m[36mTask Load (1.1ms)[0m  [1m[34mSELECT "tasks".* FROM "tasks"[0m
  ↳ app/views/tasks/index.html.erb:6
  Rendered tasks/_task.html.erb (Duration: 1.8ms | Allocations: 263)
  Rendered tasks/_task.html.erb (Duration: 0.2ms | Allocations: 38)
  Rendered tasks/_task.html.erb (Duration: 0.2ms | Allocations: 38)
  Rendered tasks/index.html.erb within layouts/application (Duration: 25.5ms | Allocations: 4483)
  Rendered layouts/_navbar.html.erb (Duration: 0.9ms | Allocations: 179)
  Rendered layout layouts/application.html.erb (Duration: 30.8ms | Allocations: 7212)
Completed 200 OK in 37ms (Views: 24.7ms | ActiveRecord: 8.1ms | Allocations: 8769)


Started GET "/.well-known/appspecific/com.chrome.devtools.json" for 127.0.0.1 at 2026-01-13 17:01:17 +0200
  
ActionController::RoutingError (No route matches [GET] "/.well-known/appspecific/com.chrome.devtools.json"):
  
Started GET "/tasks/1" for 127.0.0.1 at 2026-01-13 17:01:20 +0200
Processing by TasksController#show as HTML
  Parameters: {"id"=>"1"}
  [1m[36mTask Load (0.7ms)[0m  [1m[34mSELECT "tasks".* FROM "tasks" WHERE "tasks"."id" = $1 LIMIT $2[0m  [["id", 1], ["LIMIT", 1]]
  ↳ app/controllers/tasks_controller.rb:74:in `set_task'
  Rendering layout layouts/application.html.erb
  Rendering tasks/show.html.erb within layouts/application
  Rendered tasks/_task.html.erb (Duration: 0.5ms | Allocations: 52)
  Rendered tasks/show.html.erb within layouts/application (Duration: 4.3ms | Allocations: 655)
  Rendered layouts/_navbar.html.erb (Duration: 0.5ms | Allocations: 46)
  Rendered layout layouts/application.html.erb (Duration: 7.5ms | Allocations: 1187)
Completed 200 OK in 16ms (Views: 8.8ms | ActiveRecord: 0.7ms | Allocations: 2526)


Started GET "/" for 127.0.0.1 at 2026-01-13 17:01:51 +0200
Processing by TasksController#index as HTML
  Rendering layout layouts/application.html.erb
  Rendering tasks/index.html.erb within layouts/application
  [1m[36mTask Load (0.8ms)[0m  [1m[34mSELECT "tasks".* FROM "tasks"[0m
  ↳ app/views/tasks/index.html.erb:6
  Rendered tasks/_task.html.erb (Duration: 2.8ms | Allocations: 263)
  Rendered tasks/_task.html.erb (Duration: 0.2ms | Allocations: 38)
  Rendered tasks/_task.html.erb (Duration: 0.2ms | Allocations: 38)
  Rendered tasks/index.html.erb within layouts/application (Duration: 16.7ms | Allocations: 4482)
  Rendered layouts/_navbar.html.erb (Duration: 0.9ms | Allocations: 179)
  Rendered layout layouts/application.html.erb (Duration: 21.7ms | Allocations: 7212)
Completed 200 OK in 33ms (Views: 25.1ms | ActiveRecord: 4.1ms | Allocations: 8770)


Started GET "/.well-known/appspecific/com.chrome.devtools.json" for 127.0.0.1 at 2026-01-13 17:01:52 +0200
  
ActionController::RoutingError (No route matches [GET] "/.well-known/appspecific/com.chrome.devtools.json"):
  
Started GET "/tasks/1" for 127.0.0.1 at 2026-01-13 17:04:38 +0200
Processing by TasksController#show as HTML
  Parameters: {"id"=>"1"}
  [1m[36mTask Load (0.6ms)[0m  [1m[34mSELECT "tasks".* FROM "tasks" WHERE "tasks"."id" = $1 LIMIT $2[0m  [["id", 1], ["LIMIT", 1]]
  ↳ app/controllers/tasks_controller.rb:74:in `set_task'
  Rendering layout layouts/application.html.erb
  Rendering tasks/show.html.erb within layouts/application
  Rendered tasks/_task.html.erb (Duration: 0.3ms | Allocations: 52)
  Rendered tasks/show.html.erb within layouts/application (Duration: 2.6ms | Allocations: 661)
  Rendered layouts/_navbar.html.erb (Duration: 0.2ms | Allocations: 46)
  Rendered layout layouts/application.html.erb (Duration: 4.1ms | Allocations: 1193)
Completed 200 OK in 9ms (Views: 4.7ms | ActiveRecord: 0.5ms | Allocations: 2532)


Started GET "/tasks/1/edit" for 127.0.0.1 at 2026-01-13 17:04:41 +0200
Processing by TasksController#edit as HTML
  Parameters: {"id"=>"1"}
  [1m[36mTask Load (0.5ms)[0m  [1m[34mSELECT "tasks".* FROM "tasks" WHERE "tasks"."id" = $1 LIMIT $2[0m  [["id", 1], ["LIMIT", 1]]
  ↳ app/controllers/tasks_controller.rb:74:in `set_task'
  Rendering layout layouts/application.html.erb
  Rendering tasks/edit.html.erb within layouts/application
  Rendered tasks/_form.html.erb (Duration: 4.1ms | Allocations: 1313)
  Rendered tasks/edit.html.erb within layouts/application (Duration: 5.7ms | Allocations: 1619)
  Rendered layouts/_navbar.html.erb (Duration: 0.2ms | Allocations: 46)
  Rendered layout layouts/application.html.erb (Duration: 7.0ms | Allocations: 2151)
Completed 200 OK in 11ms (Views: 7.6ms | ActiveRecord: 0.4ms | Allocations: 2853)


Started GET "/tasks/1/edit" for 127.0.0.1 at 2026-01-13 17:05:35 +0200
Processing by TasksController#edit as HTML
  Parameters: {"id"=>"1"}
  [1m[36mTask Load (0.5ms)[0m  [1m[34mSELECT "tasks".* FROM "tasks" WHERE "tasks"."id" = $1 LIMIT $2[0m  [["id", 1], ["LIMIT", 1]]
  ↳ app/controllers/tasks_controller.rb:74:in `set_task'
  Rendering layout layouts/application.html.erb
  Rendering tasks/edit.html.erb within layouts/application
  Rendered tasks/_form.html.erb (Duration: 5.6ms | Allocations: 1384)
  Rendered tasks/edit.html.erb within layouts/application (Duration: 7.4ms | Allocations: 1707)
  Rendered layouts/_navbar.html.erb (Duration: 1.0ms | Allocations: 180)
  Rendered layout layouts/application.html.erb (Duration: 13.2ms | Allocations: 4418)
Completed 200 OK in 35ms (Views: 15.8ms | ActiveRecord: 4.5ms | Allocations: 9719)


Started GET "/.well-known/appspecific/com.chrome.devtools.json" for 127.0.0.1 at 2026-01-13 17:05:36 +0200
  
ActionController::RoutingError (No route matches [GET] "/.well-known/appspecific/com.chrome.devtools.json"):
  
Started GET "/tasks/1/edit" for 127.0.0.1 at 2026-01-13 17:06:05 +0200
Processing by TasksController#edit as HTML
  Parameters: {"id"=>"1"}
  [1m[36mTask Load (0.5ms)[0m  [1m[34mSELECT "tasks".* FROM "tasks" WHERE "tasks"."id" = $1 LIMIT $2[0m  [["id", 1], ["LIMIT", 1]]
  ↳ app/controllers/tasks_controller.rb:74:in `set_task'
  Rendering layout layouts/application.html.erb
  Rendering tasks/edit.html.erb within layouts/application
  Rendered tasks/_form.html.erb (Duration: 3.3ms | Allocations: 1389)
  Rendered tasks/edit.html.erb within layouts/application (Duration: 4.6ms | Allocations: 1710)
  Rendered layouts/_navbar.html.erb (Duration: 1.2ms | Allocations: 180)
  Rendered layout layouts/application.html.erb (Duration: 11.7ms | Allocations: 4421)
Completed 200 OK in 30ms (Views: 13.9ms | ActiveRecord: 5.1ms | Allocations: 9776)


Started GET "/.well-known/appspecific/com.chrome.devtools.json" for 127.0.0.1 at 2026-01-13 17:06:05 +0200
  
ActionController::RoutingError (No route matches [GET] "/.well-known/appspecific/com.chrome.devtools.json"):
  
Started GET "/tasks/1/edit" for 127.0.0.1 at 2026-01-13 17:06:13 +0200
Processing by TasksController#edit as HTML
  Parameters: {"id"=>"1"}
  [1m[36mTask Load (0.4ms)[0m  [1m[34mSELECT "tasks".* FROM "tasks" WHERE "tasks"."id" = $1 LIMIT $2[0m  [["id", 1], ["LIMIT", 1]]
  ↳ app/controllers/tasks_controller.rb:74:in `set_task'
  Rendering layout layouts/application.html.erb
  Rendering tasks/edit.html.erb within layouts/application
  Rendered tasks/_form.html.erb (Duration: 4.8ms | Allocations: 1399)
  Rendered tasks/edit.html.erb within layouts/application (Duration: 6.5ms | Allocations: 1722)
  Rendered layouts/_navbar.html.erb (Duration: 1.2ms | Allocations: 180)
  Rendered layout layouts/application.html.erb (Duration: 13.9ms | Allocations: 4434)
Completed 200 OK in 38ms (Views: 16.7ms | ActiveRecord: 6.1ms | Allocations: 9734)


Started GET "/.well-known/appspecific/com.chrome.devtools.json" for 127.0.0.1 at 2026-01-13 17:06:14 +0200
  
ActionController::RoutingError (No route matches [GET] "/.well-known/appspecific/com.chrome.devtools.json"):
  
Started GET "/tasks/1/edit" for 127.0.0.1 at 2026-01-13 17:06:22 +0200
Processing by TasksController#edit as HTML
  Parameters: {"id"=>"1"}
  [1m[36mTask Load (0.3ms)[0m  [1m[34mSELECT "tasks".* FROM "tasks" WHERE "tasks"."id" = $1 LIMIT $2[0m  [["id", 1], ["LIMIT", 1]]
  ↳ app/controllers/tasks_controller.rb:74:in `set_task'
  Rendering layout layouts/application.html.erb
  Rendering tasks/edit.html.erb within layouts/application
  Rendered tasks/_form.html.erb (Duration: 3.9ms | Allocations: 1395)
  Rendered tasks/edit.html.erb within layouts/application (Duration: 5.3ms | Allocations: 1716)
  Rendered layouts/_navbar.html.erb (Duration: 0.8ms | Allocations: 180)
  Rendered layout layouts/application.html.erb (Duration: 9.7ms | Allocations: 4427)
Completed 200 OK in 27ms (Views: 12.1ms | ActiveRecord: 4.8ms | Allocations: 9780)


Started GET "/.well-known/appspecific/com.chrome.devtools.json" for 127.0.0.1 at 2026-01-13 17:06:22 +0200
  
ActionController::RoutingError (No route matches [GET] "/.well-known/appspecific/com.chrome.devtools.json"):
  
Started GET "/tasks/1/edit" for 127.0.0.1 at 2026-01-13 17:06:35 +0200
Processing by TasksController#edit as HTML
  Parameters: {"id"=>"1"}
  [1m[36mTask Load (0.3ms)[0m  [1m[34mSELECT "tasks".* FROM "tasks" WHERE "tasks"."id" = $1 LIMIT $2[0m  [["id", 1], ["LIMIT", 1]]
  ↳ app/controllers/tasks_controller.rb:74:in `set_task'
  Rendering layout layouts/application.html.erb
  Rendering tasks/edit.html.erb within layouts/application
  Rendered tasks/_form.html.erb (Duration: 3.7ms | Allocations: 1396)
  Rendered tasks/edit.html.erb within layouts/application (Duration: 5.3ms | Allocations: 1717)
  Rendered layouts/_navbar.html.erb (Duration: 1.4ms | Allocations: 180)
  Rendered layout layouts/application.html.erb (Duration: 13.3ms | Allocations: 4428)
Completed 200 OK in 32ms (Views: 15.9ms | ActiveRecord: 5.0ms | Allocations: 9785)


Started GET "/.well-known/appspecific/com.chrome.devtools.json" for 127.0.0.1 at 2026-01-13 17:06:35 +0200
  
ActionController::RoutingError (No route matches [GET] "/.well-known/appspecific/com.chrome.devtools.json"):
  
Started GET "/tasks/1/edit" for 127.0.0.1 at 2026-01-13 17:07:04 +0200
Processing by TasksController#edit as HTML
  Parameters: {"id"=>"1"}
  [1m[36mTask Load (0.5ms)[0m  [1m[34mSELECT "tasks".* FROM "tasks" WHERE "tasks"."id" = $1 LIMIT $2[0m  [["id", 1], ["LIMIT", 1]]
  ↳ app/controllers/tasks_controller.rb:74:in `set_task'
  Rendering layout layouts/application.html.erb
  Rendering tasks/edit.html.erb within layouts/application
  Rendered tasks/_form.html.erb (Duration: 3.2ms | Allocations: 1386)
  Rendered tasks/edit.html.erb within layouts/application (Duration: 4.5ms | Allocations: 1709)
  Rendered layouts/_navbar.html.erb (Duration: 1.0ms | Allocations: 180)
  Rendered layout layouts/application.html.erb (Duration: 10.5ms | Allocations: 4421)
Completed 200 OK in 30ms (Views: 12.6ms | ActiveRecord: 4.2ms | Allocations: 9721)


Started GET "/.well-known/appspecific/com.chrome.devtools.json" for 127.0.0.1 at 2026-01-13 17:07:04 +0200
  
ActionController::RoutingError (No route matches [GET] "/.well-known/appspecific/com.chrome.devtools.json"):
  
Started GET "/tasks/1/edit" for 127.0.0.1 at 2026-01-13 17:07:38 +0200
Processing by TasksController#edit as HTML
  Parameters: {"id"=>"1"}
  [1m[36mTask Load (0.3ms)[0m  [1m[34mSELECT "tasks".* FROM "tasks" WHERE "tasks"."id" = $1 LIMIT $2[0m  [["id", 1], ["LIMIT", 1]]
  ↳ app/controllers/tasks_controller.rb:74:in `set_task'
  Rendering layout layouts/application.html.erb
  Rendering tasks/edit.html.erb within layouts/application
  Rendered tasks/_form.html.erb (Duration: 3.3ms | Allocations: 1422)
  Rendered tasks/edit.html.erb within layouts/application (Duration: 4.6ms | Allocations: 1743)
  Rendered layouts/_navbar.html.erb (Duration: 1.1ms | Allocations: 182)
  Rendered layout layouts/application.html.erb (Duration: 14.9ms | Allocations: 4457)
Completed 200 OK in 33ms (Views: 16.9ms | ActiveRecord: 5.6ms | Allocations: 9754)


Started GET "/.well-known/appspecific/com.chrome.devtools.json" for 127.0.0.1 at 2026-01-13 17:07:38 +0200
  
ActionController::RoutingError (No route matches [GET] "/.well-known/appspecific/com.chrome.devtools.json"):
  
Started GET "/tasks/1/edit" for 127.0.0.1 at 2026-01-13 17:07:55 +0200
Processing by TasksController#edit as HTML
  Parameters: {"id"=>"1"}
  [1m[36mTask Load (0.7ms)[0m  [1m[34mSELECT "tasks".* FROM "tasks" WHERE "tasks"."id" = $1 LIMIT $2[0m  [["id", 1], ["LIMIT", 1]]
  ↳ app/controllers/tasks_controller.rb:74:in `set_task'
  Rendering layout layouts/application.html.erb
  Rendering tasks/edit.html.erb within layouts/application
  Rendered tasks/_form.html.erb (Duration: 5.4ms | Allocations: 1411)
  Rendered tasks/edit.html.erb within layouts/application (Duration: 7.2ms | Allocations: 1732)
  Rendered layouts/_navbar.html.erb (Duration: 0.8ms | Allocations: 180)
  Rendered layout layouts/application.html.erb (Duration: 11.8ms | Allocations: 4443)
Completed 200 OK in 32ms (Views: 13.9ms | ActiveRecord: 5.3ms | Allocations: 9796)


Started GET "/.well-known/appspecific/com.chrome.devtools.json" for 127.0.0.1 at 2026-01-13 17:07:55 +0200
  
ActionController::RoutingError (No route matches [GET] "/.well-known/appspecific/com.chrome.devtools.json"):
  
Started GET "/tasks/1/edit" for 127.0.0.1 at 2026-01-13 17:08:07 +0200
Processing by TasksController#edit as HTML
  Parameters: {"id"=>"1"}
  [1m[36mTask Load (0.4ms)[0m  [1m[34mSELECT "tasks".* FROM "tasks" WHERE "tasks"."id" = $1 LIMIT $2[0m  [["id", 1], ["LIMIT", 1]]
  ↳ app/controllers/tasks_controller.rb:74:in `set_task'
  Rendering layout layouts/application.html.erb
  Rendering tasks/edit.html.erb within layouts/application
  Rendered tasks/_form.html.erb (Duration: 6.2ms | Allocations: 1399)
  Rendered tasks/edit.html.erb within layouts/application (Duration: 8.8ms | Allocations: 1720)
  Rendered layouts/_navbar.html.erb (Duration: 1.5ms | Allocations: 180)
  Rendered layout layouts/application.html.erb (Duration: 17.7ms | Allocations: 4431)
Completed 200 OK in 37ms (Views: 21.1ms | ActiveRecord: 5.3ms | Allocations: 9784)


Started GET "/.well-known/appspecific/com.chrome.devtools.json" for 127.0.0.1 at 2026-01-13 17:08:07 +0200
  
ActionController::RoutingError (No route matches [GET] "/.well-known/appspecific/com.chrome.devtools.json"):
  
Started GET "/tasks/1/edit" for 127.0.0.1 at 2026-01-13 17:09:18 +0200
Processing by TasksController#edit as HTML
  Parameters: {"id"=>"1"}
  [1m[36mTask Load (0.5ms)[0m  [1m[34mSELECT "tasks".* FROM "tasks" WHERE "tasks"."id" = $1 LIMIT $2[0m  [["id", 1], ["LIMIT", 1]]
  ↳ app/controllers/tasks_controller.rb:74:in `set_task'
  Rendering layout layouts/application.html.erb
  Rendering tasks/edit.html.erb within layouts/application
  Rendered tasks/_form.html.erb (Duration: 2.2ms | Allocations: 1431)
  Rendered tasks/edit.html.erb within layouts/application (Duration: 4.4ms | Allocations: 1723)
  Rendered layout layouts/application.html.erb (Duration: 5.0ms | Allocations: 1821)
Completed 500 Internal Server Error in 33ms (ActiveRecord: 5.0ms | Allocations: 7164)


  
ActionView::SyntaxErrorInTemplate (Encountered a syntax error while rendering template: check <%= form_with(model: task) do |form| %>
  <% if task.errors.any? %>
    <div style="color: red">
      <h2><%= pluralize(task.errors.count, "error") %> prohibited this task from being saved:</h2>

      <ul>
        <% task.errors.each do |error| %>
          <li><%= error.full_message %></li>
        <% end %>
      </ul>
    </div>
  <% end %>

  <div class="field">
    <%= form.label :title, style: "display: block" %>
    <%= form.text_field :title, class: "form-control mb-3" %>
  </div>

  <div class="field">
    <%= form.label :description, style: "display: block" %>
    <%= form.text_area :description, class: "form-control mb-3" %>
  </div>

  <div class="field">
    <%= form.label :completed, style: "display: block" %>
    <%= form.check_box :completed, class: "mb-4" %>
  </div>

  <div>
    <%= form.submit class: "btn btn-primary%>
  </div>
<% end %>

):
1:    <%= form_with(model: task) do |form| %>
2:      <% if task.errors.any? %>
3:        <div style="color: red">
4:          <h2><%= pluralize(task.errors.count, "error") %> prohibited this task from being saved:</h2>
5:    
6:          <ul>
7:            <% task.errors.each do |error| %>
8:              <li><%= error.full_message %></li>
9:            <% end %>
10:          </ul>
11:        </div>
12:      <% end %>
13:    
14:      <div class="field">
15:        <%= form.label :title, style: "display: block" %>
16:        <%= form.text_field :title, class: "form-control mb-3" %>
17:      </div>
18:    
19:      <div class="field">
20:        <%= form.label :description, style: "display: block" %>
21:        <%= form.text_area :description, class: "form-control mb-3" %>
22:      </div>
23:    
24:      <div class="field">
25:        <%= form.label :completed, style: "display: block" %>
26:        <%= form.check_box :completed, class: "mb-4" %>
27:      </div>
28:    
29:      <div>
30:        <%= form.submit class: "btn btn-primary%>
31:      </div>
32:    <% end %>
  
app/views/tasks/_form.html.erb:34: unterminated string meets end of file
app/views/tasks/_form.html.erb:34: syntax error, unexpected end-of-input, expecting ')'
app/views/tasks/edit.html.erb:3
Started GET "/.well-known/appspecific/com.chrome.devtools.json" for 127.0.0.1 at 2026-01-13 17:09:20 +0200
  
ActionController::RoutingError (No route matches [GET] "/.well-known/appspecific/com.chrome.devtools.json"):
  
Started GET "/tasks/1/edit" for 127.0.0.1 at 2026-01-13 17:09:28 +0200
Processing by TasksController#edit as HTML
  Parameters: {"id"=>"1"}
  [1m[36mTask Load (0.6ms)[0m  [1m[34mSELECT "tasks".* FROM "tasks" WHERE "tasks"."id" = $1 LIMIT $2[0m  [["id", 1], ["LIMIT", 1]]
  ↳ app/controllers/tasks_controller.rb:74:in `set_task'
  Rendering layout layouts/application.html.erb
  Rendering tasks/edit.html.erb within layouts/application
  Rendered tasks/_form.html.erb (Duration: 3.5ms | Allocations: 1427)
  Rendered tasks/edit.html.erb within layouts/application (Duration: 4.7ms | Allocations: 1750)
  Rendered layouts/_navbar.html.erb (Duration: 0.7ms | Allocations: 186)
  Rendered layout layouts/application.html.erb (Duration: 11.1ms | Allocations: 4482)
Completed 200 OK in 35ms (Views: 14.6ms | ActiveRecord: 5.1ms | Allocations: 9839)


Started GET "/.well-known/appspecific/com.chrome.devtools.json" for 127.0.0.1 at 2026-01-13 17:09:29 +0200
  
ActionController::RoutingError (No route matches [GET] "/.well-known/appspecific/com.chrome.devtools.json"):
  
Started GET "/" for 127.0.0.1 at 2026-01-13 17:11:18 +0200
Processing by TasksController#index as HTML
  Rendering layout layouts/application.html.erb
  Rendering tasks/index.html.erb within layouts/application
  [1m[36mTask Load (1.4ms)[0m  [1m[34mSELECT "tasks".* FROM "tasks"[0m
  ↳ app/views/tasks/index.html.erb:6
  Rendered tasks/_task.html.erb (Duration: 2.0ms | Allocations: 231)
  Rendered tasks/_task.html.erb (Duration: 0.3ms | Allocations: 38)
  Rendered tasks/_task.html.erb (Duration: 0.3ms | Allocations: 38)
  Rendered tasks/index.html.erb within layouts/application (Duration: 13.6ms | Allocations: 1615)
  Rendered layouts/_navbar.html.erb (Duration: 0.3ms | Allocations: 46)
  Rendered layout layouts/application.html.erb (Duration: 16.6ms | Allocations: 2152)
Completed 200 OK in 19ms (Views: 16.4ms | ActiveRecord: 1.3ms | Allocations: 2491)


Started GET "/tasks/1" for 127.0.0.1 at 2026-01-13 17:11:23 +0200
Processing by TasksController#show as HTML
  Parameters: {"id"=>"1"}
  [1m[36mTask Load (0.5ms)[0m  [1m[34mSELECT "tasks".* FROM "tasks" WHERE "tasks"."id" = $1 LIMIT $2[0m  [["id", 1], ["LIMIT", 1]]
  ↳ app/controllers/tasks_controller.rb:74:in `set_task'
  Rendering layout layouts/application.html.erb
  Rendering tasks/show.html.erb within layouts/application
  Rendered tasks/_task.html.erb (Duration: 0.4ms | Allocations: 52)
  Rendered tasks/show.html.erb within layouts/application (Duration: 4.6ms | Allocations: 654)
  Rendered layouts/_navbar.html.erb (Duration: 0.2ms | Allocations: 46)
  Rendered layout layouts/application.html.erb (Duration: 7.0ms | Allocations: 1186)
Completed 200 OK in 13ms (Views: 8.2ms | ActiveRecord: 0.5ms | Allocations: 1917)


